<?xml version="1.0" encoding="UTF-8"?>
<!-- Generated by org.testng.reporters.JUnitXMLReporter -->
<testsuite hostname="Eriks-MacBook-Pro.local" name="Command line test" tests="9" failures="0" timestamp="10 Nov 2014 21:46:02 GMT" time="5.357" errors="0">
  <testcase name="entityRemove" time="0.197" classname="cz.muni.fi.CategoryDaoTest"/>
  <testcase name="findCategories" time="0.048" classname="cz.muni.fi.GeneralDaoTest"/>
  <testcase name="removeCategories" time="0.017" classname="cz.muni.fi.GeneralDaoTest"/>
  <testcase name="findKit" time="0.018" classname="cz.muni.fi.KitDaoTest"/>
  <testcase name="removeKits" time="0.015" classname="cz.muni.fi.KitDaoTest"/>
  <testcase name="findKitSet" time="0.0040" classname="cz.muni.fi.KitSetDaoTest"/>
  <testcase name="removeKitSets" time="0.02" classname="cz.muni.fi.KitSetDaoTest"/>
  <testcase name="findPart" time="0.011" classname="cz.muni.fi.PartDaoTest"/>
  <testcase name="removeParts" time="0.026" classname="cz.muni.fi.PartDaoTest"/>
</testsuite> <!-- Command line test -->
