<?xml version="1.0" encoding="UTF-8"?>
<!-- Generated by org.testng.reporters.JUnitXMLReporter -->
<testsuite hostname="Eriks-MacBook-Pro.local" name="Default test" tests="9" failures="0" timestamp="10 Nov 2014 21:36:00 GMT" time="4.776" errors="0">
  <testcase name="findPart" time="0.13" classname="cz.muni.fi.PartDaoTest"/>
  <testcase name="removeParts" time="0.036" classname="cz.muni.fi.PartDaoTest"/>
  <testcase name="entityRemove" time="0.028" classname="cz.muni.fi.CategoryDaoTest"/>
  <testcase name="findKitSet" time="0.007" classname="cz.muni.fi.KitSetDaoTest"/>
  <testcase name="removeKitSets" time="0.015" classname="cz.muni.fi.KitSetDaoTest"/>
  <testcase name="findKit" time="0.006" classname="cz.muni.fi.KitDaoTest"/>
  <testcase name="removeKits" time="0.045" classname="cz.muni.fi.KitDaoTest"/>
  <testcase name="findCategories" time="0.007" classname="cz.muni.fi.GeneralDaoTest"/>
  <testcase name="removeCategories" time="0.03" classname="cz.muni.fi.GeneralDaoTest"/>
</testsuite> <!-- Default test -->
